<?xml version="1.0" encoding="UTF-8"?>
<testng-results ignored="0" total="1" passed="1" failed="0" skipped="0">
  <reporter-output>
  </reporter-output>
  <suite started-at="2024-02-15T13:31:59 EST" name="Default suite" finished-at="2024-02-15T13:32:09 EST" duration-ms="9883">
    <groups>
    </groups>
    <test started-at="2024-02-15T13:31:59 EST" name="Default test" finished-at="2024-02-15T13:32:09 EST" duration-ms="9883">
      <class name="Webdriver_FrameWork.Selenium_FrameWork_design.TestPage">
        <test-method is-config="true" signature="setup()[pri:0, instance:Webdriver_FrameWork.Selenium_FrameWork_design.TestPage@795cd85e]" started-at="2024-02-15T13:31:59 EST" name="setup" finished-at="2024-02-15T13:32:04 EST" duration-ms="4760" status="PASS">
          <reporter-output>
          </reporter-output>
        </test-method> <!-- setup -->
        <test-method signature="valid_Reg(java.lang.String,java.lang.String,java.lang.String,java.lang.String,java.lang.String,java.lang.String,java.lang.String,java.lang.String,java.lang.String)[pri:0, instance:Webdriver_FrameWork.Selenium_FrameWork_design.TestPage@795cd85e]" started-at="2024-02-15T13:32:04 EST" name="valid_Reg" data-provider="information" finished-at="2024-02-15T13:32:07 EST" duration-ms="2786" status="PASS">
          <params>
            <param index="0">
              <value>
                <![CDATA[tasmia]]>
              </value>
            </param>
            <param index="1">
              <value>
                <![CDATA[rahman]]>
              </value>
            </param>
            <param index="2">
              <value>
                <![CDATA[tasmia@gmail.com]]>
              </value>
            </param>
            <param index="3">
              <value>
                <![CDATA[54332456]]>
              </value>
            </param>
            <param index="4">
              <value>
                <![CDATA[3421 73 street]]>
              </value>
            </param>
            <param index="5">
              <value>
                <![CDATA[jackson heights]]>
              </value>
            </param>
            <param index="6">
              <value>
                <![CDATA[New york]]>
              </value>
            </param>
            <param index="7">
              <value>
                <![CDATA[11372]]>
              </value>
            </param>
            <param index="8">
              <value>
                <![CDATA[usa]]>
              </value>
            </param>
          </params>
          <reporter-output>
          </reporter-output>
        </test-method> <!-- valid_Reg -->
        <test-method is-config="true" signature="afterMethod()[pri:0, instance:Webdriver_FrameWork.Selenium_FrameWork_design.TestPage@795cd85e]" started-at="2024-02-15T13:32:07 EST" name="afterMethod" finished-at="2024-02-15T13:32:09 EST" duration-ms="2298" status="PASS">
          <reporter-output>
          </reporter-output>
        </test-method> <!-- afterMethod -->
      </class> <!-- Webdriver_FrameWork.Selenium_FrameWork_design.TestPage -->
    </test> <!-- Default test -->
  </suite> <!-- Default suite -->
</testng-results>
